生成启动时间为 2026/3/19 11:56:13。
     1>项目“C:\Users\接宇鑫\OneDrive\文档\Visual Studio 2010\Projects\chess.cpp\chess.cpp\chess.cpp.vcxproj”在节点 2 上(build 个目标)。
     1>InitializeBuildStatus:
         正在创建“Debug\chess.cpp.unsuccessfulbuild”，因为已指定“AlwaysCreate”。
       ClCompile:
         C:\Program Files (x86)\Microsoft Visual Studio 10.0\VC\bin\CL.exe /c /ZI /nologo /W3 /WX- /Od /Oy- /D _MBCS /Gm /EHsc /RTC1 /MDd /GS /fp:precise /Zc:wchar_t /Zc:forScope /Fo"Debug\\" /Fd"Debug\vc100.pdb" /Gd /TP /analyze- /errorReport:prompt chess.cpp
         chess.cpp
     1>c:\users\接宇鑫\onedrive\文档\visual studio 2010\projects\chess.cpp\chess.cpp\chess.cpp(111): warning C4996: 'scanf': This function or variable may be unsafe. Consider using scanf_s instead. To disable deprecation, use _CRT_SECURE_NO_WARNINGS. See online help for details.
                 c:\program files (x86)\microsoft visual studio 10.0\vc\include\stdio.h(304) : 参见“scanf”的声明
       Link:
         C:\Program Files (x86)\Microsoft Visual Studio 10.0\VC\bin\link.exe /ERRORREPORT:PROMPT /OUT:"C:\Users\接宇鑫\OneDrive\文档\Visual Studio 2010\Projects\chess.cpp\Debug\chess.cpp.exe" /NOLOGO kernel32.lib user32.lib gdi32.lib winspool.lib comdlg32.lib advapi32.lib shell32.lib ole32.lib oleaut32.lib uuid.lib odbc32.lib odbccp32.lib /MANIFEST /ManifestFile:"Debug\chess.cpp.exe.intermediate.manifest" /MANIFESTUAC:"level='asInvoker' uiAccess='false'" /DEBUG /PDB:"C:\Users\接宇鑫\OneDrive\文档\Visual Studio 2010\Projects\chess.cpp\Debug\chess.cpp.pdb" /TLBID:1 /DYNAMICBASE /NXCOMPAT /IMPLIB:"C:\Users\接宇鑫\OneDrive\文档\Visual Studio 2010\Projects\chess.cpp\Debug\chess.cpp.lib" /MACHINE:X86 Debug\chess.obj
         LINK : 没有找到 C:\Users\接宇鑫\OneDrive\文档\Visual Studio 2010\Projects\chess.cpp\Debug\chess.cpp.exe 或上一个增量链接没有生成它；正在执行完全链接
         chess.cpp.vcxproj -> C:\Users\接宇鑫\OneDrive\文档\Visual Studio 2010\Projects\chess.cpp\Debug\chess.cpp.exe
       Manifest:
         C:\Program Files (x86)\Microsoft SDKs\Windows\v7.0A\bin\mt.exe /nologo /verbose /outputresource:"C:\Users\接宇鑫\OneDrive\文档\Visual Studio 2010\Projects\chess.cpp\Debug\chess.cpp.exe;#1" /manifest Debug\chess.cpp.exe.intermediate.manifest
       FinalizeBuildStatus:
         正在删除文件“Debug\chess.cpp.unsuccessfulbuild”。
         正在对“Debug\chess.cpp.lastbuildstate”执行 Touch 任务。
     1>已完成生成项目“C:\Users\接宇鑫\OneDrive\文档\Visual Studio 2010\Projects\chess.cpp\chess.cpp\chess.cpp.vcxproj”(build 个目标)的操作。

生成成功。

已用时间 00:00:01.89
